/home/mkb/Freenet/bin/bindtest.jar
/home/mkb/Freenet/bin/browser.jar
/home/mkb/Freenet/bin/sha1test.jar
/home/mkb/Freenet/bin/uncompress.jar
/home/mkb/Freenet/freenet.ico
/home/mkb/Freenet/startssl.pem
/home/mkb/Freenet/wrapper.conf
/home/mkb/Freenet/LICENSE.Freenet
/home/mkb/Freenet/LICENSE.Mantissa
/home/mkb/Freenet/README
/home/mkb/Freenet/Uninstaller/show_uninstall_survey.sh
/home/mkb/Freenet/bin/1run.sh
/home/mkb/Freenet/bin/browse.sh
/home/mkb/Freenet/bin/cleanup.sh
/home/mkb/Freenet/bin/detect_port_availability.sh
/home/mkb/Freenet/bin/install_autostart.sh
/home/mkb/Freenet/bin/install_bcprov.sh
/home/mkb/Freenet/bin/install_freenet-ext.sh
/home/mkb/Freenet/bin/install_freenet-stable-latest.sh
/home/mkb/Freenet/bin/install_keyutils.sh
/home/mkb/Freenet/bin/install_librarian.sh
/home/mkb/Freenet/bin/install_opennet.sh
/home/mkb/Freenet/bin/install_plugins.sh
/home/mkb/Freenet/bin/install_stun.sh
/home/mkb/Freenet/bin/install_thawindexbrowser.sh
/home/mkb/Freenet/bin/install_updater.sh
/home/mkb/Freenet/bin/install_upnp.sh
/home/mkb/Freenet/bin/remove_cronjob.sh
/home/mkb/Freenet/bin/setup.sh
/home/mkb/Freenet/run.sh
/home/mkb/Freenet/bcprov-jdk15on-1.59.jar
/home/mkb/Freenet/freenet-ext.jar
/home/mkb/Freenet/freenet-stable-latest.jar
/home/mkb/Freenet/jna-4.2.2.jar
/home/mkb/Freenet/jna-platform-4.2.2.jar
/home/mkb/Freenet/offline
/home/mkb/Freenet/plugins/JSTUN.jar
/home/mkb/Freenet/plugins/KeyUtils.jar
/home/mkb/Freenet/plugins/Library.jar
/home/mkb/Freenet/plugins/Sharesite.jar
/home/mkb/Freenet/plugins/ThawIndexBrowser.jar
/home/mkb/Freenet/plugins/UPnP.jar
/home/mkb/Freenet/seednodes.fref
/home/mkb/Freenet/sha1test.jar
/home/mkb/Freenet/update.sh
/home/mkb/Freenet/wrapper.jar
/home/mkb/Freenet/wrapper_Darwin.zip
/home/mkb/Freenet/wrapper_Darwin.zip.sha1
/home/mkb/Freenet/wrapper_Linux.zip
/home/mkb/Freenet/wrapper_Linux.zip.sha1
/home/mkb/Freenet/Uninstaller/uninstaller.jar